
g++ -DSDL -D_PC8801MA -c -O2 -Wall -I/usr/local/include/SDL2 -D_REENTRANT -I../UI -I../ePC-8801MA -I../ePC-8801MA/vm -I../ePC-8801MA/vm/pc8801 -I../ePC-8801MA/vm/fmgen ../UI/app.cpp -o ../UI/app.o
../UI/app.cpp: In member function ‘bool App::Init()’:
../UI/app.cpp:337:19: warning: comparison between signed and unsigned integer expressions [-Wsign-compare]
  for (loop=0; loop<SDL_arraysize(power_level); loop++) {
                   ^
../UI/app.cpp: In member function ‘void App::Run()’:
../UI/app.cpp:852:27: warning: comparison between signed and unsigned integer expressions [-Wsign-compare]
       if (draw_tick_point >= SDL_arraysize(draw_tick)) {
                           ^
../UI/app.cpp: In member function ‘void App::PowerMng()’:
../UI/app.cpp:977:20: warning: comparison between signed and unsigned integer expressions [-Wsign-compare]
   for (loop=0; loop<SDL_arraysize(power_level); loop++) {
                    ^
../UI/app.cpp:1002:20: warning: comparison between signed and unsigned integer expressions [-Wsign-compare]
   for (loop=0; loop<SDL_arraysize(power_level); loop++) {
                    ^
../UI/app.cpp:1017:19: warning: comparison between signed and unsigned integer expressions [-Wsign-compare]
  for (loop=0; loop<SDL_arraysize(power_level); loop++) {
                    ^

g++ -DSDL -D_PC8801MA -c -O2 -Wall -I/usr/local/include/SDL2 -D_REENTRANT -I../UI -I../ePC-8801MA -I../ePC-8801MA/vm -I../ePC-8801MA/vm/pc8801 -I../ePC-8801MA/vm/fmgen ../UI/font.cpp -o ../UI/font.o
../UI/font.cpp: In member function ‘bool Font::Init(SDL_Window*)’:
../UI/font.cpp:111:43: warning: ISO C++ forbids converting a string constant to ‘_TCHAR* {aka char*}’ [-Wwrite-strings]
  path = wrapper->get_bios_path(KANJI1_FILE);
                                           ^
../UI/font.cpp:118:43: warning: ISO C++ forbids converting a string constant to ‘_TCHAR* {aka char*}’ [-Wwrite-strings]
  path = wrapper->get_bios_path(KANJI2_FILE);
                                           ^
g++ -DSDL -D_PC8801MA -c -O2 -Wall -I/usr/local/include/SDL2 -D_REENTRANT -I../UI -I../ePC-8801MA -I../ePC-8801MA/vm -I../ePC-8801MA/vm/pc8801 -I../ePC-8801MA/vm/fmgen ../UI/input.cpp -o ../UI/input.o
../UI/input.cpp: In member function ‘void Input::DelayedBreak()’:
../UI/input.cpp:770:19: warning: comparison between signed and unsigned integer expressions [-Wsign-compare]
  for (code=0; code<SDL_arraysize(key_soft_break_flag); code++) {
                   ^

g++ -DSDL -D_PC8801MA -c -O2 -Wall -I/usr/local/include/SDL2 -D_REENTRANT -I../UI -I../ePC-8801MA -I../ePC-8801MA/vm -I../ePC-8801MA/vm/pc8801 -I../ePC-8801MA/vm/fmgen ../UI/setting.cpp -o ../UI/setting.o
../UI/setting.cpp: In constructor ‘Setting::Setting()’:
../UI/setting.cpp:142:19: warning: comparison between signed and unsigned integer expressions [-Wsign-compare]
  for (loop=0; loop<SDL_arraysize(softkey_set); loop++) {
                   ^
../UI/setting.cpp: In member function ‘bool Setting::LoadSetting(FILEIO*)’:
../UI/setting.cpp:290:20: warning: comparison between signed and unsigned integer expressions [-Wsign-compare]
   for (loop=0; loop<SDL_arraysize(softkey_set); loop++) {
                    ^
../UI/setting.cpp:335:21: warning: comparison between signed and unsigned integer expressions [-Wsign-compare]
    for (loop=0; loop<SDL_arraysize(joystick_to_key); loop++) {
                     ^
../UI/setting.cpp: In member function ‘void Setting::SaveSetting(FILEIO*)’:
../UI/setting.cpp:402:19: warning: comparison between signed and unsigned integer expressions [-Wsign-compare]
  for (loop=0; loop<SDL_arraysize(softkey_set); loop++) {
                   ^
../UI/setting.cpp:431:19: warning: comparison between signed and unsigned integer expressions [-Wsign-compare]
  for (loop=0; loop<SDL_arraysize(joystick_to_key); loop++) {
                   ^
../UI/setting.cpp: In member function ‘bool Setting::NextSoftKey()’:
../UI/setting.cpp:905:19: warning: comparison between signed and unsigned integer expressions [-Wsign-compare]
  for (loop=0; loop<SDL_arraysize(softkey_set); loop++) {
                   ^
../UI/setting.cpp:908:13: warning: comparison between signed and unsigned integer expressions [-Wsign-compare]
   if (index >= SDL_arraysize(softkey_set)) {
             ^
../UI/setting.cpp: In member function ‘bool Setting::PrevSoftKey()’:
../UI/setting.cpp:943:19: warning: comparison between signed and unsigned integer expressions [-Wsign-compare]
  for (loop=0; loop<SDL_arraysize(softkey_set); loop++) {
                   ^

g++ -DSDL -D_PC8801MA -c -O2 -Wall -I/usr/local/include/SDL2 -D_REENTRANT -I../UI -I../ePC-8801MA -I../ePC-8801MA/vm -I../ePC-8801MA/vm/pc8801 -I../ePC-8801MA/vm/fmgen ../ePC-8801MA/vm/disk.cpp -o ../ePC-8801MA/vm/disk.o
../ePC-8801MA/vm/disk.cpp: In member function ‘void DISK::open(_TCHAR*, int)’:
../ePC-8801MA/vm/disk.cpp:135:43: warning: ISO C++ forbids converting a string constant to ‘_TCHAR* {aka char*}’ [-Wwrite-strings]
   if(check_file_extension(path, _T(".d88")) || check_file_extension(path, _T(".d77"))) {
                                           ^
../ePC-8801MA/vm/disk.cpp:135:85: warning: ISO C++ forbids converting a string constant to ‘_TCHAR* {aka char*}’ [-Wwrite-strings]
   if(check_file_extension(path, _T(".d88")) || check_file_extension(path, _T(".d77"))) {
                                                                                     ^
../ePC-8801MA/vm/disk.cpp:200:19: warning: comparison between signed and unsigned integer expressions [-Wsign-compare]
    if(file_size.d == len || (file_size.d == (len + 4096) && (len == 655360 || len == 1261568))) {
       ~~~~~~~~~~~~^~~~~~
../ePC-8801MA/vm/disk.cpp:200:42: warning: comparison between signed and unsigned integer expressions [-Wsign-compare]
    if(file_size.d == len || (file_size.d == (len + 4096) && (len == 655360 || len == 1261568))) {
                              ~~~~~~~~~~~~^~~~~~~~~~~~~~~
../ePC-8801MA/vm/disk.cpp:201:20: warning: comparison between signed and unsigned integer expressions [-Wsign-compare]
     if(file_size.d == len + 4096) {
        ~~~~~~~~~~~~^~~~~~~~~~~~~
../ePC-8801MA/vm/disk.cpp: In member function ‘void DISK::close()’:
../ePC-8801MA/vm/disk.cpp:324:49: warning: ISO C++ forbids converting a string constant to ‘_TCHAR* {aka char*}’ [-Wwrite-strings]
    if(check_file_extension(dest_path, _T(".d88")) || check_file_extension(dest_path, _T(".d77"))) {
                                                 ^
../ePC-8801MA/vm/disk.cpp:324:96: warning: ISO C++ forbids converting a string constant to ‘_TCHAR* {aka char*}’ [-Wwrite-strings]
    if(check_file_extension(dest_path, _T(".d88")) || check_file_extension(dest_path, _T(".d77"))) {
                                                                                                ^
../ePC-8801MA/vm/disk.cpp: In member function ‘short int DISK::decode_position()’:
../ePC-8801MA/vm/disk.cpp:1190:16: warning: suggest parentheses around arithmetic in operand of ‘|’ [-Wparentheses]
  return (c | i & 0x3f);
              ~~^~~~~~

g++ -DSDL -D_PC8801MA -c -O2 -Wall -I/usr/local/include/SDL2 -D_REENTRANT -I../UI -I../ePC-8801MA -I../ePC-8801MA/vm -I../ePC-8801MA/vm/pc8801 -I../ePC-8801MA/vm/fmgen ../ePC-8801MA/vm/disksub.cpp -o ../ePC-8801MA/vm/disksub.o
../ePC-8801MA/vm/disksub.cpp: In member function ‘virtual void DiskSub::initialize()’:
../ePC-8801MA/vm/disksub.cpp:92:46: warning: ISO C++ forbids converting a string constant to ‘_TCHAR* {aka char*}’ [-Wwrite-strings]
  if (fio->Fopen(emu->bios_path(_T("PC88.ROM")), FILEIO_READ_BINARY) == true) {
                                              ^
../ePC-8801MA/vm/disksub.cpp:97:46: warning: ISO C++ forbids converting a string constant to ‘_TCHAR* {aka char*}’ [-Wwrite-strings]
  if (fio->Fopen(emu->bios_path(_T("DISK.ROM")), FILEIO_READ_BINARY) ==  true) {
                                              ^

g++ -DSDL -D_PC8801MA -c -O2 -Wall -I/usr/local/include/SDL2 -D_REENTRANT -I../UI -I../ePC-8801MA -I../ePC-8801MA/vm -I../ePC-8801MA/vm/pc8801 -I../ePC-8801MA/vm/fmgen ../ePC-8801MA/vm/upd765a.cpp -o ../ePC-8801MA/vm/upd765a.o
../ePC-8801MA/vm/upd765a.cpp: In member function ‘void UPD765A::seek_event(int)’:
../ePC-8801MA/vm/upd765a.cpp:719:6: warning: unused variable ‘trk’ [-Wunused-variable]
  int trk = fdc[drv].track;
      ^~~

g++ -DSDL -D_PC8801MA -c -O2 -Wall -I/usr/local/include/SDL2 -D_REENTRANT -I../UI -I../ePC-8801MA -I../ePC-8801MA/vm -I../ePC-8801MA/vm/pc8801 -I../ePC-8801MA/vm/fmgen ../ePC-8801MA/vm/fmgen/fmgen.cpp -o ../ePC-8801MA/vm/fmgen/fmgen.o
../ePC-8801MA/vm/fmgen/fmgen.cpp: In member function ‘void FM::Operator::Prepare()’:
../ePC-8801MA/vm/fmgen/fmgen.cpp:424:10: warning: enumeration value ‘next’ not handled in switch [-Wswitch]
   switch (eg_phase_)
          ^
../ePC-8801MA/vm/fmgen/fmgen.cpp:424:10: warning: enumeration value ‘off’ not handled in switch [-Wswitch]
../ePC-8801MA/vm/fmgen/fmgen.cpp: In member function ‘void FM::Operator::EGCalc()’:
../ePC-8801MA/vm/fmgen/fmgen.cpp:607:12: warning: enumeration value ‘next’ not handled in switch [-Wswitch]
     switch (eg_phase_)
            ^

g++ -DSDL -D_PC8801MA -c -O2 -Wall -I/usr/local/include/SDL2 -D_REENTRANT -I../UI -I../ePC-8801MA -I../ePC-8801MA/vm -I../ePC-8801MA/vm/pc8801 -I../ePC-8801MA/vm/fmgen ../ePC-8801MA/vm/pc8801/pc88.cpp -o ../ePC-8801MA/vm/pc8801/pc88.o
../ePC-8801MA/vm/pc8801/pc88.cpp: In member function ‘virtual void PC88::initialize()’:
../ePC-8801MA/vm/pc8801/pc88.cpp:1616:45: warning: ISO C++ forbids converting a string constant to ‘_TCHAR* {aka char*}’ [-Wwrite-strings]
  if(fio->Fopen(emu->bios_path(_T("PC88.ROM")), FILEIO_READ_BINARY)) {
                                             ^
../ePC-8801MA/vm/pc8801/pc88.cpp:1625:44: warning: ISO C++ forbids converting a string constant to ‘_TCHAR* {aka char*}’ [-Wwrite-strings]
  if(fio->Fopen(emu->bios_path(_T("N88.ROM")), FILEIO_READ_BINARY)) {
                                            ^
../ePC-8801MA/vm/pc8801/pc88.cpp:1629:46: warning: ISO C++ forbids converting a string constant to ‘_TCHAR* {aka char*}’ [-Wwrite-strings]
  if(fio->Fopen(emu->bios_path(_T("N88_0.ROM")), FILEIO_READ_BINARY)) {
                                              ^
../ePC-8801MA/vm/pc8801/pc88.cpp:1633:46: warning: ISO C++ forbids converting a string constant to ‘_TCHAR* {aka char*}’ [-Wwrite-strings]
  if(fio->Fopen(emu->bios_path(_T("N88_1.ROM")), FILEIO_READ_BINARY)) {
                                              ^
../ePC-8801MA/vm/pc8801/pc88.cpp:1637:46: warning: ISO C++ forbids converting a string constant to ‘_TCHAR* {aka char*}’ [-Wwrite-strings]
  if(fio->Fopen(emu->bios_path(_T("N88_2.ROM")), FILEIO_READ_BINARY)) {
                                              ^
../ePC-8801MA/vm/pc8801/pc88.cpp:1641:46: warning: ISO C++ forbids converting a string constant to ‘_TCHAR* {aka char*}’ [-Wwrite-strings]
  if(fio->Fopen(emu->bios_path(_T("N88_3.ROM")), FILEIO_READ_BINARY)) {
                                              ^
../ePC-8801MA/vm/pc8801/pc88.cpp:1645:44: warning: ISO C++ forbids converting a string constant to ‘_TCHAR* {aka char*}’ [-Wwrite-strings]
  if(fio->Fopen(emu->bios_path(_T("N80.ROM")), FILEIO_READ_BINARY)) {
                                            ^
../ePC-8801MA/vm/pc8801/pc88.cpp:1649:47: warning: ISO C++ forbids converting a string constant to ‘_TCHAR* {aka char*}’ [-Wwrite-strings]
  if(fio->Fopen(emu->bios_path(_T("KANJI1.ROM")), FILEIO_READ_BINARY)) {
                                               ^
../ePC-8801MA/vm/pc8801/pc88.cpp:1653:47: warning: ISO C++ forbids converting a string constant to ‘_TCHAR* {aka char*}’ [-Wwrite-strings]
  if(fio->Fopen(emu->bios_path(_T("KANJI2.ROM")), FILEIO_READ_BINARY)) {
                                               ^
../ePC-8801MA/vm/pc8801/pc88.cpp:1661:46: warning: ISO C++ forbids converting a string constant to ‘_TCHAR* {aka char*}’ [-Wwrite-strings]
  if(fio->Fopen(emu->bios_path(_T("JISYO.ROM")), FILEIO_READ_BINARY)) {
                                              ^
../ePC-8801MA/vm/pc8801/pc88.cpp: In member function ‘void PC88::play_tape(_TCHAR*)’:
../ePC-8801MA/vm/pc8801/pc88.cpp:2786:48: warning: ISO C++ forbids converting a string constant to ‘_TCHAR* {aka char*}’ [-Wwrite-strings]
   if(check_file_extension(file_path, _T(".n80"))) {
                                                ^
In file included from ../ePC-8801MA/vm/pc8801/../pc8801/pc8801.h:94:0,
                 from ../ePC-8801MA/vm/pc8801/../vm.h:305,
                 from ../ePC-8801MA/vm/pc8801/pc88.h:15,
                 from ../ePC-8801MA/vm/pc8801/pc88.cpp:12:
../ePC-8801MA/vm/pc8801/pc88.cpp: In member function ‘virtual void PC88::save_state(FILEIO*)’:
../ePC-8801MA/vm/pc8801/../pc8801/../../common.h:42:24: warning: comparison between signed and unsigned integer expressions [-Wsign-compare]
 #define min(a, b) ((a) < (b) ? (a) : (b))
                    ~~~~^~~~~
../ePC-8801MA/vm/pc8801/pc88.cpp:4180:20: note: in expansion of macro ‘min’
    int length_rw = min(length_tmp, sizeof(buffer));
                    ^~~
../ePC-8801MA/vm/pc8801/pc88.cpp: In member function ‘virtual bool PC88::load_state(FILEIO*)’:
../ePC-8801MA/vm/pc8801/../pc8801/../../common.h:42:24: warning: comparison between signed and unsigned integer expressions [-Wsign-compare]
 #define min(a, b) ((a) < (b) ? (a) : (b))
                    ~~~~^~~~~
../ePC-8801MA/vm/pc8801/pc88.cpp:4293:20: note: in expansion of macro ‘min’
    int length_rw = min(length_tmp, sizeof(buffer));
                    ^~~
g++ -DSDL -D_PC8801MA -c -O2 -Wall -I/usr/local/include/SDL2 -D_REENTRANT -I../UI -I../ePC-8801MA -I../ePC-8801MA/vm -I../ePC-8801MA/vm/pc8801 -I../ePC-8801MA/vm/fmgen ../ePC-8801MA/vm/pc8801/pc8801.cpp -o ../ePC-8801MA/vm/pc8801/pc8801.o
../ePC-8801MA/vm/pc8801/pc8801.cpp: In destructor ‘VM::~VM()’:
../ePC-8801MA/vm/pc8801/pc8801.cpp:202:10: warning: deleting object of polymorphic class type ‘DEVICE’ which has non-virtual destructor might cause undefined behavior [-Wdelete-non-virtual-dtor]
   delete device;
          ^~~~~~

